Feb-21 17:56:57.534 [main] DEBUG nextflow.cli.Launcher - $> nextflow run main.nf -resume
Feb-21 17:56:57.574 [main] DEBUG nextflow.cli.CmdRun - N E X T F L O W  ~  version 24.10.4
Feb-21 17:56:57.587 [main] DEBUG nextflow.plugin.PluginsFacade - Setting up plugin manager > mode=prod; embedded=false; plugins-dir=/Users/micheleverriello/.nextflow/plugins; core-plugins: nf-amazon@2.9.2,nf-azure@1.10.2,nf-cloudcache@0.4.2,nf-codecommit@0.2.2,nf-console@1.1.4,nf-google@1.15.3,nf-tower@1.9.3,nf-wave@1.7.4
Feb-21 17:56:57.607 [main] INFO  o.pf4j.DefaultPluginStatusProvider - Enabled plugins: []
Feb-21 17:56:57.608 [main] INFO  o.pf4j.DefaultPluginStatusProvider - Disabled plugins: []
Feb-21 17:56:57.609 [main] INFO  org.pf4j.DefaultPluginManager - PF4J version 3.12.0 in 'deployment' mode
Feb-21 17:56:57.614 [main] INFO  org.pf4j.AbstractPluginManager - No plugins
Feb-21 17:56:57.651 [main] DEBUG nextflow.cli.CmdRun - Applied DSL=2 from script declaration
Feb-21 17:56:57.659 [main] DEBUG nextflow.cli.CmdRun - Launching `main.nf` [scruffy_celsius] DSL2 - revision: 3a370741eb
Feb-21 17:56:57.660 [main] DEBUG nextflow.plugin.PluginsFacade - Plugins default=[]
Feb-21 17:56:57.660 [main] DEBUG nextflow.plugin.PluginsFacade - Plugins resolved requirement=[]
Feb-21 17:56:57.694 [main] DEBUG nextflow.Session - Session UUID: 1a91d435-794f-43a7-8132-c9184997d274
Feb-21 17:56:57.694 [main] DEBUG nextflow.Session - Run name: scruffy_celsius
Feb-21 17:56:57.694 [main] DEBUG nextflow.Session - Executor pool size: 12
Feb-21 17:56:57.699 [main] DEBUG nextflow.file.FilePorter - File porter settings maxRetries=3; maxTransfers=50; pollTimeout=null
Feb-21 17:56:57.701 [main] DEBUG nextflow.util.ThreadPoolBuilder - Creating thread pool 'FileTransfer' minSize=10; maxSize=36; workQueue=LinkedBlockingQueue[10000]; allowCoreThreadTimeout=false
Feb-21 17:56:57.715 [main] DEBUG nextflow.cli.CmdRun - 
  Version: 24.10.4 build 5934
  Created: 20-01-2025 16:47 UTC (16:47 BST)
  System: Mac OS X 15.3.1
  Runtime: Groovy 4.0.23 on OpenJDK 64-Bit Server VM 23.0.2
  Encoding: UTF-8 (UTF-8)
  Process: 33108@Micheles-MacBook-Pro.local [127.0.0.1]
  CPUs: 12 - Mem: 32 GB (71.4 MB) - Swap: 0 (0)
Feb-21 17:56:57.724 [main] DEBUG nextflow.Session - Work-dir: /Users/micheleverriello/nextflow-tests/nextflow-word-count/work [Mac OS X]
Feb-21 17:56:57.724 [main] DEBUG nextflow.Session - Script base path does not exist or is not a directory: /Users/micheleverriello/nextflow-tests/nextflow-word-count/bin
Feb-21 17:56:57.731 [main] DEBUG nextflow.executor.ExecutorFactory - Extension executors providers=[]
Feb-21 17:56:57.735 [main] DEBUG nextflow.Session - Observer factory: DefaultObserverFactory
Feb-21 17:56:57.750 [main] DEBUG nextflow.cache.CacheFactory - Using Nextflow cache factory: nextflow.cache.DefaultCacheFactory
Feb-21 17:56:57.754 [main] DEBUG nextflow.util.CustomThreadPool - Creating default thread pool > poolSize: 13; maxThreads: 1000
Feb-21 17:56:57.800 [main] DEBUG nextflow.Session - Session start
Feb-21 17:56:58.122 [main] DEBUG nextflow.script.ScriptRunner - > Launching execution
Feb-21 17:56:58.132 [main] DEBUG n.secret.LocalSecretsProvider - Secrets store: /Users/micheleverriello/.nextflow/secrets/store.json
Feb-21 17:56:58.135 [main] DEBUG nextflow.secret.SecretsLoader - Discovered secrets providers: [nextflow.secret.LocalSecretsProvider@5f0bab7e] - activable => nextflow.secret.LocalSecretsProvider@5f0bab7e
Feb-21 17:56:58.139 [main] INFO  nextflow.Nextflow -          WORD COUNT PIPELINE
         ==================
         input : /Users/micheleverriello/nextflow-tests/nextflow-word-count/data/*.txt
         output: /Users/micheleverriello/nextflow-tests/nextflow-word-count/results
         
Feb-21 17:56:58.188 [main] DEBUG nextflow.executor.ExecutorFactory - << taskConfig executor: null
Feb-21 17:56:58.188 [main] DEBUG nextflow.executor.ExecutorFactory - >> processorType: 'local'
Feb-21 17:56:58.191 [main] DEBUG nextflow.executor.Executor - [warm up] executor > local
Feb-21 17:56:58.194 [main] DEBUG n.processor.LocalPollingMonitor - Creating local task monitor for executor 'local' > cpus=12; memory=32 GB; capacity=12; pollInterval=100ms; dumpInterval=5m
Feb-21 17:56:58.196 [main] DEBUG n.processor.TaskPollingMonitor - >>> barrier register (monitor: local)
Feb-21 17:56:58.229 [main] DEBUG nextflow.Session - Workflow process names [dsl2]: countWords
Feb-21 17:56:58.230 [main] DEBUG nextflow.Session - Igniting dataflow network (2)
Feb-21 17:56:58.233 [main] DEBUG nextflow.processor.TaskProcessor - Starting process > countWords
Feb-21 17:56:58.233 [PathVisitor-1] DEBUG nextflow.file.PathVisitor - files for syntax: glob; folder: /Users/micheleverriello/nextflow-tests/nextflow-word-count/data/; pattern: *.txt; options: [:]
Feb-21 17:56:58.233 [main] DEBUG nextflow.script.ScriptRunner - Parsed script files:
  Script_50ab3ffa354c7f20: /Users/micheleverriello/nextflow-tests/nextflow-word-count/main.nf
Feb-21 17:56:58.233 [main] DEBUG nextflow.script.ScriptRunner - > Awaiting termination 
Feb-21 17:56:58.233 [main] DEBUG nextflow.Session - Session await
Feb-21 17:56:58.329 [Actor Thread 6] INFO  nextflow.processor.TaskProcessor - [ee/ebd3f0] Cached process > countWords (counting file1)
Feb-21 17:56:58.329 [Actor Thread 4] INFO  nextflow.processor.TaskProcessor - [79/dabe67] Cached process > countWords (counting file2)
Feb-21 17:56:58.340 [Actor Thread 6] DEBUG nextflow.util.ThreadPoolBuilder - Creating thread pool 'PublishDir' minSize=10; maxSize=36; workQueue=LinkedBlockingQueue[10000]; allowCoreThreadTimeout=false
Feb-21 17:56:58.342 [main] DEBUG nextflow.Session - Session await > all processes finished
Feb-21 17:56:58.410 [Task monitor] DEBUG n.processor.TaskPollingMonitor - <<< barrier arrives (monitor: local) - terminating tasks monitor poll loop
Feb-21 17:56:58.410 [main] DEBUG nextflow.Session - Session await > all barriers passed
Feb-21 17:56:58.411 [main] DEBUG nextflow.util.ThreadPoolManager - Thread pool 'PublishDir' shutdown completed (hard=false)
Feb-21 17:56:58.413 [main] INFO  nextflow.Nextflow - Pipeline completed at: 2025-02-21T17:56:58.411895Z
Feb-21 17:56:58.413 [main] INFO  nextflow.Nextflow - Execution status: SUCCESS
Feb-21 17:56:58.415 [main] DEBUG n.trace.WorkflowStatsObserver - Workflow completed > WorkflowStats[succeededCount=0; failedCount=0; ignoredCount=0; cachedCount=2; pendingCount=0; submittedCount=0; runningCount=0; retriesCount=0; abortedCount=0; succeedDuration=0ms; failedDuration=0ms; cachedDuration=2ms;loadCpus=0; loadMemory=0; peakRunning=0; peakCpus=0; peakMemory=0; ]
Feb-21 17:56:58.443 [main] DEBUG nextflow.cache.CacheDB - Closing CacheDB done
Feb-21 17:56:58.449 [main] DEBUG nextflow.util.ThreadPoolManager - Thread pool 'FileTransfer' shutdown completed (hard=false)
Feb-21 17:56:58.449 [main] DEBUG nextflow.script.ScriptRunner - > Execution complete -- Goodbye
